[22Jun2024 00:00:12.842] [Server thread/WARN] [net.minecraft.server.MinecraftServer/]: Can't keep up! Is the server overloaded? Running 2007ms or 40 ticks behind
[22Jun2024 00:00:29.888] [Server thread/WARN] [net.minecraft.server.MinecraftServer/]: Can't keep up! Is the server overloaded? Running 2053ms or 41 ticks behind
[22Jun2024 00:00:49.305] [Server thread/WARN] [net.minecraft.server.MinecraftServer/]: Can't keep up! Is the server overloaded? Running 4420ms or 88 ticks behind
[22Jun2024 00:01:07.455] [Server thread/WARN] [net.minecraft.server.MinecraftServer/]: Can't keep up! Is the server overloaded? Running 3170ms or 63 ticks behind
[22Jun2024 00:01:24.829] [Server thread/WARN] [net.minecraft.server.MinecraftServer/]: Can't keep up! Is the server overloaded? Running 2394ms or 47 ticks behind
[22Jun2024 00:01:42.393] [Server thread/WARN] [net.minecraft.server.MinecraftServer/]: Can't keep up! Is the server overloaded? Running 2608ms or 52 ticks behind
[22Jun2024 00:02:00.128] [Server thread/WARN] [net.minecraft.server.MinecraftServer/]: Can't keep up! Is the server overloaded? Running 2743ms or 54 ticks behind
[22Jun2024 00:02:18.153] [Server thread/WARN] [net.minecraft.server.MinecraftServer/]: Can't keep up! Is the server overloaded? Running 3068ms or 61 ticks behind
[22Jun2024 00:02:36.497] [Server thread/WARN] [net.minecraft.server.MinecraftServer/]: Can't keep up! Is the server overloaded? Running 3362ms or 67 ticks behind
[22Jun2024 00:02:54.736] [Server thread/WARN] [net.minecraft.server.MinecraftServer/]: Can't keep up! Is the server overloaded? Running 2001ms or 40 ticks behind
[22Jun2024 00:03:11.892] [Server thread/WARN] [net.minecraft.server.MinecraftServer/]: Can't keep up! Is the server overloaded? Running 2157ms or 43 ticks behind
[22Jun2024 00:03:31.127] [Server thread/WARN] [net.minecraft.server.MinecraftServer/]: Can't keep up! Is the server overloaded? Running 4242ms or 84 ticks behind
[22Jun2024 00:03:48.645] [Server thread/WARN] [net.minecraft.server.MinecraftServer/]: Can't keep up! Is the server overloaded? Running 2560ms or 51 ticks behind
[22Jun2024 00:04:05.988] [Server thread/WARN] [net.minecraft.server.MinecraftServer/]: Can't keep up! Is the server overloaded? Running 2003ms or 40 ticks behind
[22Jun2024 00:04:27.246] [Server thread/WARN] [net.minecraft.server.MinecraftServer/]: Can't keep up! Is the server overloaded? Running 2012ms or 40 ticks behind
[22Jun2024 00:04:58.736] [Server thread/WARN] [net.minecraft.server.MinecraftServer/]: Can't keep up! Is the server overloaded? Running 2001ms or 40 ticks behind
[22Jun2024 00:05:18.248] [Server thread/WARN] [net.minecraft.server.MinecraftServer/]: Can't keep up! Is the server overloaded? Running 2014ms or 40 ticks behind
[22Jun2024 00:05:39.837] [Server thread/WARN] [net.minecraft.server.MinecraftServer/]: Can't keep up! Is the server overloaded? Running 2003ms or 40 ticks behind
[22Jun2024 00:05:57.254] [Server thread/WARN] [net.minecraft.server.MinecraftServer/]: Can't keep up! Is the server overloaded? Running 2420ms or 48 ticks behind
[22Jun2024 00:06:22.537] [Server thread/WARN] [net.minecraft.server.MinecraftServer/]: Can't keep up! Is the server overloaded? Running 2002ms or 40 ticks behind
[22Jun2024 00:06:46.437] [Server thread/WARN] [net.minecraft.server.MinecraftServer/]: Can't keep up! Is the server overloaded? Running 2002ms or 40 ticks behind
[22Jun2024 00:07:09.939] [Server thread/WARN] [net.minecraft.server.MinecraftServer/]: Can't keep up! Is the server overloaded? Running 2004ms or 40 ticks behind
[22Jun2024 00:07:10.228] [Worker-Main-1/WARN] [net.minecraft.world.level.levelgen.heightproviders.UniformHeight/]: Empty height range: [6 below top-6 above bottom]
[22Jun2024 00:07:32.943] [Server thread/WARN] [net.minecraft.server.MinecraftServer/]: Can't keep up! Is the server overloaded? Running 2009ms or 40 ticks behind
[22Jun2024 00:07:53.648] [Server thread/WARN] [net.minecraft.server.MinecraftServer/]: Can't keep up! Is the server overloaded? Running 2013ms or 40 ticks behind
[22Jun2024 00:08:12.211] [Server thread/WARN] [net.minecraft.server.MinecraftServer/]: Can't keep up! Is the server overloaded? Running 3576ms or 71 ticks behind
[22Jun2024 00:08:36.368] [Server thread/WARN] [net.minecraft.server.MinecraftServer/]: Can't keep up! Is the server overloaded? Running 9183ms or 183 ticks behind
[22Jun2024 00:08:55.014] [Server thread/WARN] [net.minecraft.server.MinecraftServer/]: Can't keep up! Is the server overloaded? Running 3679ms or 73 ticks behind
[22Jun2024 00:09:12.730] [Server thread/WARN] [net.minecraft.server.MinecraftServer/]: Can't keep up! Is the server overloaded? Running 2745ms or 54 ticks behind
[22Jun2024 00:09:30.331] [Server thread/WARN] [net.minecraft.server.MinecraftServer/]: Can't keep up! Is the server overloaded? Running 2646ms or 52 ticks behind
[22Jun2024 00:09:47.896] [Server thread/WARN] [net.minecraft.server.MinecraftServer/]: Can't keep up! Is the server overloaded? Running 2611ms or 52 ticks behind
[22Jun2024 00:10:06.287] [Server thread/WARN] [net.minecraft.server.MinecraftServer/]: Can't keep up! Is the server overloaded? Running 3402ms or 68 ticks behind
[22Jun2024 00:10:23.948] [Server thread/WARN] [net.minecraft.server.MinecraftServer/]: Can't keep up! Is the server overloaded? Running 2663ms or 53 ticks behind
[22Jun2024 00:10:42.979] [Server thread/WARN] [net.minecraft.server.MinecraftServer/]: Can't keep up! Is the server overloaded? Running 4044ms or 80 ticks behind
[22Jun2024 00:11:00.752] [Server thread/WARN] [net.minecraft.server.MinecraftServer/]: Can't keep up! Is the server overloaded? Running 2817ms or 56 ticks behind
[22Jun2024 00:11:18.924] [Server thread/WARN] [net.minecraft.server.MinecraftServer/]: Can't keep up! Is the server overloaded? Running 3189ms or 63 ticks behind
[22Jun2024 00:11:37.380] [Server thread/WARN] [net.minecraft.server.MinecraftServer/]: Can't keep up! Is the server overloaded? Running 3495ms or 69 ticks behind
[22Jun2024 00:11:55.512] [Server thread/WARN] [net.minecraft.server.MinecraftServer/]: Can't keep up! Is the server overloaded? Running 3177ms or 63 ticks behind
[22Jun2024 00:12:14.292] [Server thread/WARN] [net.minecraft.server.MinecraftServer/]: Can't keep up! Is the server overloaded? Running 3807ms or 76 ticks behind
[22Jun2024 00:12:26.122] [Server thread/INFO] [net.minecraft.world.entity.npc.Villager/]: Villager Villager['Villager'/68605, l='ServerLevel[Bicubic 2: Astral Inventions]', x=353.14, y=64.04, z=160.41] died, message: 'Villager was squished too much'
[22Jun2024 00:12:32.984] [Server thread/WARN] [net.minecraft.server.MinecraftServer/]: Can't keep up! Is the server overloaded? Running 3699ms or 73 ticks behind
[22Jun2024 00:12:52.496] [Server thread/WARN] [net.minecraft.server.MinecraftServer/]: Can't keep up! Is the server overloaded? Running 4562ms or 91 ticks behind
[22Jun2024 00:13:11.800] [Server thread/WARN] [net.minecraft.server.MinecraftServer/]: Can't keep up! Is the server overloaded? Running 4315ms or 86 ticks behind
[22Jun2024 00:13:30.913] [Server thread/WARN] [net.minecraft.server.MinecraftServer/]: Can't keep up! Is the server overloaded? Running 4128ms or 82 ticks behind
[22Jun2024 00:13:51.097] [Server thread/WARN] [net.minecraft.server.MinecraftServer/]: Can't keep up! Is the server overloaded? Running 5212ms or 104 ticks behind
[22Jun2024 00:14:09.450] [Server thread/WARN] [net.minecraft.server.MinecraftServer/]: Can't keep up! Is the server overloaded? Running 3366ms or 67 ticks behind
[22Jun2024 00:14:26.827] [Server thread/WARN] [net.minecraft.server.MinecraftServer/]: Can't keep up! Is the server overloaded? Running 2392ms or 47 ticks behind
[22Jun2024 00:14:44.434] [Server thread/WARN] [net.minecraft.server.MinecraftServer/]: Can't keep up! Is the server overloaded? Running 2649ms or 52 ticks behind
[22Jun2024 00:15:38.365] [Server thread/WARN] [net.minecraft.server.MinecraftServer/]: Can't keep up! Is the server overloaded? Running 2030ms or 40 ticks behind
[22Jun2024 00:15:50.160] [Server thread/WARN] [net.minecraft.server.network.ServerGamePacketListenerImpl/]: Xabio moved wrongly!
[22Jun2024 00:15:58.346] [Server thread/WARN] [net.minecraft.server.network.ServerGamePacketListenerImpl/]: Xabio moved wrongly!
[22Jun2024 00:16:58.687] [Server thread/WARN] [net.minecraft.server.network.ServerGamePacketListenerImpl/]: Xabio moved wrongly!
[22Jun2024 00:25:37.268] [Server thread/WARN] [net.minecraft.server.network.ServerGamePacketListenerImpl/]: Xabio moved too quickly! 8.411532511994267,-0.8706981306457351,12.063318721265262
[22Jun2024 00:26:33.478] [Server thread/WARN] [net.minecraft.server.network.ServerGamePacketListenerImpl/]: Xabio moved wrongly!
[22Jun2024 00:26:46.458] [Server thread/WARN] [net.minecraft.server.network.ServerGamePacketListenerImpl/]: Xabio moved too quickly! 14.622137150890751,-1.1500008746500612,-6.4516525404110325
[22Jun2024 00:27:23.747] [Server thread/WARN] [net.minecraft.server.network.ServerGamePacketListenerImpl/]: JackSparrago moved too quickly! -1.3230293445385541,0.6593099108389993,-10.71182255854444
[22Jun2024 00:27:56.579] [Server thread/INFO] [net.minecraft.world.entity.npc.Villager/]: Villager Villager['Villager'/107425, l='ServerLevel[Bicubic 2: Astral Inventions]', x=353.24, y=64.04, z=160.30] died, message: 'Villager was squished too much'
[22Jun2024 00:28:06.336] [Server thread/WARN] [net.minecraft.server.network.ServerGamePacketListenerImpl/]: JackSparrago moved too quickly! -1.6221109459829677,-1.0444196738303333,-10.793318691756838
[22Jun2024 00:28:18.439] [Server thread/WARN] [net.minecraft.server.network.ServerGamePacketListenerImpl/]: JackSparrago moved too quickly! -1.5412112668984719,0.14564907974622088,-10.83572118985012
[22Jun2024 00:28:44.223] [Server thread/WARN] [net.minecraft.server.network.ServerGamePacketListenerImpl/]: Xabio moved too quickly! 9.600991976849798,6.8138878034844055,2.5687217461234013
[22Jun2024 00:30:20.296] [Server thread/INFO] [net.minecraft.world.entity.npc.Villager/]: Villager Villager['Shepherd'/116674, l='ServerLevel[Bicubic 2: Astral Inventions]', x=130.30, y=64.00, z=-1842.94] died, message: 'Shepherd was slain by Zombie'
[22Jun2024 00:36:58.073] [Server thread/WARN] [net.minecraft.server.network.ServerGamePacketListenerImpl/]: JackSparrago moved wrongly!
[22Jun2024 00:39:20.772] [Server thread/WARN] [net.minecraft.server.network.ServerGamePacketListenerImpl/]: JackSparrago moved wrongly!
[22Jun2024 00:39:57.738] [Server thread/WARN] [net.minecraft.server.MinecraftServer/]: Can't keep up! Is the server overloaded? Running 2703ms or 54 ticks behind
[22Jun2024 00:41:58.148] [Server thread/WARN] [net.minecraft.server.network.ServerGamePacketListenerImpl/]: JackSparrago moved too quickly! -9.57377758034022,2.0964561906219785,-5.36225637336247
[22Jun2024 00:42:30.259] [Server thread/WARN] [net.minecraft.server.network.ServerGamePacketListenerImpl/]: JackSparrago moved wrongly!
[22Jun2024 00:43:06.562] [Server thread/WARN] [net.minecraft.server.network.ServerGamePacketListenerImpl/]: JackSparrago moved too quickly! -0.44524621055404623,-3.911167692906943,-9.85441919238474
[22Jun2024 00:46:17.391] [Server thread/WARN] [net.minecraft.server.network.ServerGamePacketListenerImpl/]: JackSparrago moved too quickly! -0.8902494417347953,-0.685666200801279,-10.862681685070129
[22Jun2024 00:46:43.030] [Server thread/WARN] [net.minecraft.server.network.ServerGamePacketListenerImpl/]: Xabio moved wrongly!
[22Jun2024 00:47:07.286] [Server thread/WARN] [net.minecraft.server.network.ServerGamePacketListenerImpl/]: JackSparrago moved too quickly! 0.28277881855677833,0.22129483451278276,-10.31759267003872
[22Jun2024 00:47:31.879] [Server thread/WARN] [net.minecraft.server.network.ServerGamePacketListenerImpl/]: JackSparrago moved too quickly! -0.06415102026318209,-0.0460806658013837,-10.685223928158848
[22Jun2024 00:48:01.233] [Server thread/WARN] [net.minecraft.server.network.ServerGamePacketListenerImpl/]: Xabio moved too quickly! 1.4867082136241265,0.0,-10.557890404017883
[22Jun2024 00:48:49.214] [Server thread/WARN] [net.minecraft.server.network.ServerGamePacketListenerImpl/]: Xabio moved wrongly!
[22Jun2024 00:51:33.010] [Server thread/WARN] [net.minecraft.server.network.ServerGamePacketListenerImpl/]: JackSparrago moved too quickly! 1.9560364299450157,-2.6945615482487852,-10.620896414739036
[22Jun2024 00:51:42.860] [Server thread/WARN] [net.minecraft.server.network.ServerGamePacketListenerImpl/]: JackSparrago moved too quickly! -4.7020658945151865,4.360515863172452,-9.183827928021856
[22Jun2024 00:51:57.271] [Server thread/WARN] [net.minecraft.server.network.ServerGamePacketListenerImpl/]: JackSparrago moved too quickly! -8.005729635884506,-2.9687542063593213,-7.285468263871735
[22Jun2024 00:58:36.307] [Server thread/WARN] [net.minecraft.server.network.ServerGamePacketListenerImpl/]: Xabio moved wrongly!
[22Jun2024 00:58:56.339] [Server thread/INFO] [net.minecraft.server.MinecraftServer/]: Made Braulio_JG a server operator
[22Jun2024 00:59:12.358] [Server thread/INFO] [net.minecraft.server.MinecraftServer/]: [Braulio_JG: Set the time to 13000]
[22Jun2024 01:10:26.532] [Server thread/WARN] [net.minecraft.server.network.ServerGamePacketListenerImpl/]: Xabio moved too quickly! 0.49471532322405665,0.3864904243200016,15.308216589036448
[22Jun2024 01:11:46.702] [Server thread/INFO] [net.minecraft.world.entity.npc.Villager/]: Villager Villager['Villager'/158692, l='ServerLevel[Bicubic 2: Astral Inventions]', x=353.21, y=64.05, z=160.30] died, message: 'Villager was squished too much'
[22Jun2024 01:12:14.267] [Server thread/INFO] [net.minecraft.server.MinecraftServer/]: Braulio_JG has made the advancement [Not a Fluid!]
[22Jun2024 01:12:31.819] [Server thread/WARN] [net.minecraft.server.network.ServerGamePacketListenerImpl/]: Xabio moved too quickly! 3.081599699094511,1.4731814952502447,11.909255586861207
[22Jun2024 01:17:03.821] [Server thread/INFO] [net.minecraft.server.MinecraftServer/]: Braulio_JG has made the advancement [The Copper Age]
[22Jun2024 01:20:51.404] [Server thread/WARN] [net.minecraft.server.network.ServerGamePacketListenerImpl/]: JackSparrago moved too quickly! 9.913370213313215,-3.0336457441332243,-0.019458688427903326
[22Jun2024 01:24:09.971] [Server thread/WARN] [net.minecraft.server.network.ServerGamePacketListenerImpl/]: JackSparrago moved too quickly! -8.94020274987355,-1.269889563236518,5.378429316260281
[22Jun2024 01:25:28.808] [Server thread/WARN] [net.minecraft.server.network.ServerGamePacketListenerImpl/]: JackSparrago moved too quickly! 3.612047487623954,-4.402391786009034,9.203903570728926
[22Jun2024 01:25:42.351] [Server thread/WARN] [net.minecraft.server.network.ServerGamePacketListenerImpl/]: JackSparrago moved too quickly! 3.9053662967293974,0.14127378758418274,9.652975178679299
[22Jun2024 01:25:43.836] [Server thread/WARN] [net.minecraft.server.network.ServerGamePacketListenerImpl/]: JackSparrago moved too quickly! 4.096239762583522,-1.8107598224144823,10.12426619720236
[22Jun2024 01:30:00.467] [Server thread/WARN] [net.minecraft.server.network.ServerGamePacketListenerImpl/]: Xabio moved wrongly!
[22Jun2024 01:32:27.413] [Server thread/WARN] [net.minecraft.server.MinecraftServer/]: Can't keep up! Is the server overloaded? Running 11928ms or 238 ticks behind
[22Jun2024 01:33:13.547] [Server thread/WARN] [net.minecraft.server.network.ServerGamePacketListenerImpl/]: JackSparrago moved too quickly! -8.942110972906775,-1.0945317068155163,6.038477738938582
[22Jun2024 01:33:57.589] [Server thread/WARN] [net.minecraft.server.network.ServerGamePacketListenerImpl/]: JackSparrago moved too quickly! 2.9497812822869918,1.1723237762475947,9.874378482571046
[22Jun2024 01:37:11.602] [Server thread/WARN] [net.minecraft.server.network.ServerGamePacketListenerImpl/]: JackSparrago moved too quickly! 4.609088856408448,6.234313686763642,-6.627619924763167
[22Jun2024 01:37:43.486] [Server thread/INFO] [net.minecraft.server.MinecraftServer/]: [Not Secure] <JackSparrago> [name:"sitio er picolo", x:720, y:294, z:4139, dim:minecraft:overworld]
[22Jun2024 01:38:08.351] [Server thread/WARN] [net.minecraft.server.MinecraftServer/]: Can't keep up! Is the server overloaded? Running 2016ms or 40 ticks behind
[22Jun2024 01:38:28.872] [Server thread/WARN] [net.minecraft.server.MinecraftServer/]: Can't keep up! Is the server overloaded? Running 5537ms or 110 ticks behind
[22Jun2024 01:38:35.858] [Server thread/WARN] [net.minecraft.server.level.ServerPlayerGameMode/]: Mismatch in destroy block pos: BlockPos{x=355, y=48, z=374} BlockPos{x=355, y=49, z=374}
[22Jun2024 01:38:36.678] [Server thread/WARN] [net.minecraft.server.level.ServerPlayerGameMode/]: Mismatch in destroy block pos: BlockPos{x=356, y=49, z=373} BlockPos{x=357, y=47, z=373}
[22Jun2024 01:38:39.666] [Server thread/WARN] [net.minecraft.server.level.ServerPlayerGameMode/]: Mismatch in destroy block pos: BlockPos{x=356, y=49, z=371} BlockPos{x=356, y=47, z=371}
[22Jun2024 01:38:41.320] [Server thread/WARN] [net.minecraft.server.level.ServerPlayerGameMode/]: Mismatch in destroy block pos: BlockPos{x=355, y=49, z=365} BlockPos{x=355, y=47, z=364}
[22Jun2024 01:38:43.161] [Server thread/WARN] [net.minecraft.server.level.ServerPlayerGameMode/]: Mismatch in destroy block pos: BlockPos{x=354, y=49, z=367} BlockPos{x=354, y=47, z=367}
[22Jun2024 01:38:47.402] [Server thread/WARN] [net.minecraft.server.MinecraftServer/]: Can't keep up! Is the server overloaded? Running 2017ms or 40 ticks behind
[22Jun2024 01:39:27.411] [Server thread/INFO] [net.minecraft.world.entity.npc.Villager/]: Villager Villager['Villager'/184416, l='ServerLevel[Bicubic 2: Astral Inventions]', x=353.22, y=64.05, z=160.30] died, message: 'Villager was squished too much'
[22Jun2024 01:39:46.554] [Server thread/INFO] [net.minecraft.world.entity.npc.Villager/]: Villager Villager['Villager'/184423, l='ServerLevel[Bicubic 2: Astral Inventions]', x=353.13, y=64.04, z=160.35] died, message: 'Villager was squished too much'
[22Jun2024 01:43:32.406] [Server thread/INFO] [net.minecraft.world.entity.npc.Villager/]: Villager Villager['Villager'/184422, l='ServerLevel[Bicubic 2: Astral Inventions]', x=353.13, y=64.05, z=160.58] died, message: 'Villager was squished too much'
[22Jun2024 01:43:54.905] [Server thread/WARN] [net.minecraft.server.level.ServerPlayerGameMode/]: Mismatch in destroy block pos: BlockPos{x=353, y=60, z=371} BlockPos{x=353, y=59, z=371}
[22Jun2024 01:43:59.031] [Server thread/WARN] [net.minecraft.server.level.ServerPlayerGameMode/]: Mismatch in destroy block pos: BlockPos{x=353, y=61, z=368} BlockPos{x=353, y=60, z=368}
[22Jun2024 01:44:01.721] [Server thread/WARN] [net.minecraft.server.MinecraftServer/]: Can't keep up! Is the server overloaded? Running 2986ms or 59 ticks behind
[22Jun2024 01:44:17.616] [Server thread/WARN] [net.minecraft.server.network.ServerGamePacketListenerImpl/]: JackSparrago moved too quickly! 0.0,11.076343500304112,0.0
[22Jun2024 01:44:22.717] [Server thread/WARN] [net.minecraft.server.MinecraftServer/]: Can't keep up! Is the server overloaded? Running 6032ms or 120 ticks behind
[22Jun2024 01:44:25.954] [Server thread/WARN] [net.minecraft.server.network.ServerGamePacketListenerImpl/]: JackSparrago moved too quickly! 7.602033512577009,-0.3603345795796855,7.768922294379081
[22Jun2024 01:44:33.140] [Server thread/WARN] [net.minecraft.server.network.ServerGamePacketListenerImpl/]: JackSparrago moved wrongly!
[22Jun2024 01:44:45.166] [Server thread/WARN] [net.minecraft.server.MinecraftServer/]: Can't keep up! Is the server overloaded? Running 7481ms or 149 ticks behind
[22Jun2024 01:44:49.965] [Server thread/WARN] [net.minecraft.server.network.ServerGamePacketListenerImpl/]: JackSparrago moved too quickly! 1.0774834245023612,-10.926807099373974,-1.9841918097181406
[22Jun2024 01:44:57.827] [Server thread/WARN] [net.minecraft.server.network.ServerGamePacketListenerImpl/]: JackSparrago moved too quickly! -1.2124869697247505,-11.42846853023778,0.0
[22Jun2024 01:45:07.279] [Server thread/WARN] [net.minecraft.server.MinecraftServer/]: Can't keep up! Is the server overloaded? Running 7144ms or 142 ticks behind
[22Jun2024 01:45:17.961] [Server thread/WARN] [net.minecraft.server.network.ServerGamePacketListenerImpl/]: JackSparrago moved too quickly! -0.8116356163379805,-8.911443828960017,5.29618930108154
[22Jun2024 01:45:19.774] [Worker-Main-1/ERROR] [net.minecraft.world.entity.decoration.HangingEntity/]: Hanging entity at invalid position: BlockPos{x=39, y=-50, z=-58}
[22Jun2024 01:45:19.776] [Worker-Main-1/ERROR] [net.minecraft.world.entity.decoration.HangingEntity/]: Hanging entity at invalid position: BlockPos{x=43, y=-50, z=-59}
[22Jun2024 01:45:19.777] [Worker-Main-1/ERROR] [net.minecraft.world.entity.decoration.HangingEntity/]: Hanging entity at invalid position: BlockPos{x=44, y=-50, z=-56}
[22Jun2024 01:45:19.777] [Worker-Main-1/ERROR] [net.minecraft.world.entity.decoration.HangingEntity/]: Hanging entity at invalid position: BlockPos{x=45, y=-50, z=-61}
[22Jun2024 01:45:24.811] [Server thread/WARN] [net.minecraft.server.MinecraftServer/]: Can't keep up! Is the server overloaded? Running 2576ms or 51 ticks behind
[22Jun2024 01:45:30.815] [Server thread/WARN] [net.minecraft.server.network.ServerGamePacketListenerImpl/]: JackSparrago moved wrongly!
[22Jun2024 01:45:31.103] [Server thread/WARN] [net.minecraft.server.network.ServerGamePacketListenerImpl/]: JackSparrago moved wrongly!
[22Jun2024 01:45:31.900] [Server thread/WARN] [net.minecraft.server.network.ServerGamePacketListenerImpl/]: JackSparrago moved wrongly!
[22Jun2024 01:45:34.701] [Server thread/WARN] [net.minecraft.server.network.ServerGamePacketListenerImpl/]: JackSparrago moved too quickly! -3.2354124314126693,3.239227713917728,-9.297372230681958
[22Jun2024 01:45:35.377] [Server thread/WARN] [net.minecraft.server.network.ServerGamePacketListenerImpl/]: JackSparrago moved too quickly! -3.9423385807622253,2.124803042458126,-9.7503755844441
[22Jun2024 01:45:36.265] [Server thread/WARN] [net.minecraft.server.network.ServerGamePacketListenerImpl/]: JackSparrago moved too quickly! -4.571403575043291,0.48546376148169657,-9.786736040764481
[22Jun2024 01:45:38.592] [Server thread/WARN] [net.minecraft.server.network.ServerGamePacketListenerImpl/]: JackSparrago moved too quickly! -9.67745062359802,-2.1095525467400194,-5.456766036210411
[22Jun2024 01:45:40.259] [Server thread/WARN] [net.minecraft.server.network.ServerGamePacketListenerImpl/]: JackSparrago moved too quickly! -11.083048638017999,-2.4103516404798597,0.8386901556982593
[22Jun2024 01:45:41.437] [Server thread/WARN] [net.minecraft.server.network.ServerGamePacketListenerImpl/]: JackSparrago moved too quickly! -10.085574551260834,-2.9109446643252284,0.7632080636808496
[22Jun2024 01:45:43.341] [Server thread/WARN] [net.minecraft.server.network.ServerGamePacketListenerImpl/]: JackSparrago moved too quickly! -10.057757159940707,-2.4230010301887432,0.9736086962125228
[22Jun2024 01:45:45.804] [Server thread/WARN] [net.minecraft.server.network.ServerGamePacketListenerImpl/]: JackSparrago moved too quickly! -9.971876679462753,-2.8515273880770735,1.2558187135796288
[22Jun2024 01:45:45.818] [Server thread/WARN] [net.minecraft.server.network.ServerGamePacketListenerImpl/]: Braulio_JG moved too quickly! -8.564511529233584,2.7965999984741217,4.9209173816315825
[22Jun2024 01:45:51.672] [Server thread/WARN] [net.minecraft.server.MinecraftServer/]: Can't keep up! Is the server overloaded? Running 11887ms or 237 ticks behind
[22Jun2024 01:45:53.512] [Server thread/WARN] [net.minecraft.server.network.ServerGamePacketListenerImpl/]: JackSparrago moved too quickly! -10.32028911125235,2.534155239475524,1.6689302950026104
[22Jun2024 01:45:57.742] [Server thread/WARN] [net.minecraft.server.network.ServerGamePacketListenerImpl/]: JackSparrago moved too quickly! -12.062045106780829,1.9300143109242924,-0.45223991032162303
[22Jun2024 01:45:59.263] [Server thread/WARN] [net.minecraft.server.network.ServerGamePacketListenerImpl/]: JackSparrago moved too quickly! -10.90270424254436,1.8900597858103936,1.438161925228087
[22Jun2024 01:46:00.371] [Server thread/WARN] [net.minecraft.server.network.ServerGamePacketListenerImpl/]: JackSparrago moved too quickly! -10.611706796972385,-1.8962701437361744,1.778351266862046
[22Jun2024 01:46:02.976] [Server thread/WARN] [net.minecraft.server.network.ServerGamePacketListenerImpl/]: JackSparrago moved too quickly! -2.5313494163402765,-0.02959230321644668,-10.037396365299173
[22Jun2024 01:46:06.249] [Server thread/WARN] [net.minecraft.server.network.ServerGamePacketListenerImpl/]: JackSparrago moved too quickly! -2.5310217698837505,-6.573199717016578,-8.410685246848061
[22Jun2024 01:46:07.278] [Server thread/WARN] [net.minecraft.server.network.ServerGamePacketListenerImpl/]: JackSparrago moved too quickly! -3.1580471095359144,-3.7170213537212646,-9.487608113910937
[22Jun2024 01:46:09.509] [Server thread/WARN] [net.minecraft.server.network.ServerGamePacketListenerImpl/]: JackSparrago moved too quickly! -0.06735250768554124,-10.61202295686212,-0.20892306351288426
[22Jun2024 01:46:19.140] [Server thread/WARN] [net.minecraft.server.network.ServerGamePacketListenerImpl/]: JackSparrago moved too quickly! -10.616400451625168,-0.2501300694233848,5.230496099141419
[22Jun2024 01:46:20.699] [Server thread/WARN] [net.minecraft.server.MinecraftServer/]: Can't keep up! Is the server overloaded? Running 14064ms or 281 ticks behind
[22Jun2024 01:46:26.577] [Server thread/WARN] [net.minecraft.server.network.ServerGamePacketListenerImpl/]: JackSparrago moved too quickly! -9.790206778329264,-0.9281403259264351,4.406647827492634
[22Jun2024 01:46:56.069] [Server thread/INFO] [net.minecraft.server.MinecraftServer/]: Braulio_JG has reached the goal [Dinner's Served!]
[22Jun2024 01:47:43.364] [Server thread/WARN] [net.minecraft.server.network.ServerGamePacketListenerImpl/]: JackSparrago moved too quickly! -0.35708879487335565,0.8473560828399656,-11.390334456753408
[22Jun2024 01:47:55.553] [Server thread/WARN] [net.minecraft.server.network.ServerGamePacketListenerImpl/]: JackSparrago moved too quickly! -1.1210325010221354,-0.5509382952302104,-10.962997562053715
[22Jun2024 01:48:03.672] [Server thread/WARN] [net.minecraft.server.network.ServerGamePacketListenerImpl/]: JackSparrago moved too quickly! -0.5056322467591343,-8.71168201356663,-6.91228613577141
[22Jun2024 01:48:09.905] [Server thread/WARN] [net.minecraft.server.network.ServerGamePacketListenerImpl/]: JackSparrago moved too quickly! -0.17849514008848644,-3.7655850266911983,-9.85441919238474
[22Jun2024 01:48:18.896] [Server thread/WARN] [net.minecraft.server.network.ServerGamePacketListenerImpl/]: JackSparrago moved too quickly! 0.6419397812000796,-1.6638949420676,-11.076934925815749
[22Jun2024 01:48:21.393] [Server thread/WARN] [net.minecraft.server.network.ServerGamePacketListenerImpl/]: JackSparrago moved too quickly! 0.575112062666733,-0.9710020501065344,-10.897090099075285
[22Jun2024 01:48:27.971] [Server thread/WARN] [net.minecraft.server.network.ServerGamePacketListenerImpl/]: JackSparrago moved too quickly! 0.5445268057727688,-0.5696523737495198,-10.8801589747236
